Using pre-set license
Built from '2020.3/staging' branch; Version is '2020.3.4f1 (0abb6314276a) revision 703331'; Using compiler version '192528614'; Build Type 'Release'
OS: 'Windows 10 Home; OS build 22458.1000; Version 2009; 64bit' Language: 'en' Physical Memory: 16267 MB
BatchMode: 1, IsHumanControllingUs: 0, StartBugReporterOnCrash: 0, Is64bit: 1, IsPro: 0

 COMMAND LINE ARGUMENTS:
E:\Unity\2020.3.4f1\Editor\Unity.exe
-adb2
-batchMode
-noUpm
-name
AssetImportWorker0
-projectPath
E:/Unity/Unity Projects/User Interaction Testing
-logFile
Logs/AssetImportWorker0.log
-srvPort
60532
Successfully changed project path to: E:/Unity/Unity Projects/User Interaction Testing
E:/Unity/Unity Projects/User Interaction Testing
Using Asset Import Pipeline V2.
Refreshing native plugins compatible for Editor in 92.05 ms, found 8 plugins.
Preloading 0 native plugins for Editor in 0.00 ms.
Initialize engine version: 2020.3.4f1 (0abb6314276a)
[Subsystems] Discovering subsystems at path E:/Unity/2020.3.4f1/Editor/Data/Resources/UnitySubsystems
[Subsystems] Discovering subsystems at path E:/Unity/Unity Projects/User Interaction Testing/Assets
GfxDevice: creating device client; threaded=0
Direct3D:
    Version:  Direct3D 11.0 [level 11.1]
    Renderer: NVIDIA GeForce GTX 1060 (ID=0x1c20)
    Vendor:   
    VRAM:     6052 MB
    Driver:   27.21.14.6677
Initialize mono
Mono path[0] = 'E:/Unity/2020.3.4f1/Editor/Data/Managed'
Mono path[1] = 'E:/Unity/2020.3.4f1/Editor/Data/MonoBleedingEdge/lib/mono/unityjit'
Mono config path = 'E:/Unity/2020.3.4f1/Editor/Data/MonoBleedingEdge/etc'
Using monoOptions --debugger-agent=transport=dt_socket,embedding=1,server=y,suspend=n,address=127.0.0.1:56588
Begin MonoManager ReloadAssembly
Registering precompiled unity dll's ...
Register platform support module: E:/Unity/2020.3.4f1/Editor/Data/PlaybackEngines/WebGLSupport/UnityEditor.WebGL.Extensions.dll
Register platform support module: E:/Unity/2020.3.4f1/Editor/Data/PlaybackEngines/WindowsStandaloneSupport/UnityEditor.WindowsStandalone.Extensions.dll
Registered in 0.001929 seconds.
Native extension for WindowsStandalone target not found
Native extension for WebGL target not found
Refreshing native plugins compatible for Editor in 80.73 ms, found 8 plugins.
Preloading 0 native plugins for Editor in 0.00 ms.
Mono: successfully reloaded assembly
- Completed reload, in  2.413 seconds
Platform modules already initialized, skipping
Registering precompiled user dll's ...
Registered in 0.005763 seconds.
Begin MonoManager ReloadAssembly
Native extension for WindowsStandalone target not found
Native extension for WebGL target not found
Refreshing native plugins compatible for Editor in 80.99 ms, found 8 plugins.
Preloading 0 native plugins for Editor in 0.00 ms.
[XR] [Mixed Reality OpenXR Mesh]: RegisterLifecycleProvider.
[XR] [Mixed Reality OpenXR Input]: RegisterLifecycleProvider.
[XR] Error loading subsystem: Display (1) (header mismatch?)
Mono: successfully reloaded assembly
- Completed reload, in  2.949 seconds
Platform modules already initialized, skipping
========================================================================
Worker process is ready to serve import requests
Launched and connected shader compiler UnityShaderCompiler.exe after 0.07 seconds
Refreshing native plugins compatible for Editor in 1.18 ms, found 8 plugins.
Preloading 0 native plugins for Editor in 0.00 ms.
Unloading 3218 Unused Serialized files (Serialized files now loaded: 0)
System memory in use before: 134.0 MB.
System memory in use after: 133.8 MB.

Unloading 519 unused Assets to reduce memory usage. Loaded Objects now: 3617.
Total: 5.002600 ms (FindLiveObjects: 0.442400 ms CreateObjectMapping: 0.404600 ms MarkObjects: 3.648300 ms  DeleteObjects: 0.506100 ms)

========================================================================
Received Import Request.
  path: Packages/com.microsoft.mixedreality.toolkit.foundation/SDK/Features
  artifactKey: Guid(25bdfaac8e9b4a0d8f341b415322f1c0) Importer(815301076,1909f56bfc062723c751e8b465ee728b)
Start importing Packages/com.microsoft.mixedreality.toolkit.foundation/SDK/Features using Guid(25bdfaac8e9b4a0d8f341b415322f1c0) Importer(815301076,1909f56bfc062723c751e8b465ee728b)  -> (artifact id: 'f6f1be938fef941a29ac1628890963b7') in 0.015491 seconds
  Import took 0.021467 seconds .

========================================================================
Received Import Request.
  Time since last request: 0.000340 seconds.
  path: Packages/com.microsoft.mixedreality.toolkit.foundation/SDK/Features/UX/Prefabs
  artifactKey: Guid(1f2e357b81ef4d768633d370bd861a4b) Importer(815301076,1909f56bfc062723c751e8b465ee728b)
Start importing Packages/com.microsoft.mixedreality.toolkit.foundation/SDK/Features/UX/Prefabs using Guid(1f2e357b81ef4d768633d370bd861a4b) Importer(815301076,1909f56bfc062723c751e8b465ee728b)  -> (artifact id: '0bd7052ee40f7bc3998c478797c8597d') in 0.014836 seconds
  Import took 0.120912 seconds .

========================================================================
Received Import Request.
  Time since last request: 0.000434 seconds.
  path: Packages/com.microsoft.mixedreality.toolkit.foundation/SDK/Features/UX
  artifactKey: Guid(26b56a78eb2f4b84b34ac290003f6869) Importer(815301076,1909f56bfc062723c751e8b465ee728b)
Start importing Packages/com.microsoft.mixedreality.toolkit.foundation/SDK/Features/UX using Guid(26b56a78eb2f4b84b34ac290003f6869) Importer(815301076,1909f56bfc062723c751e8b465ee728b)  -> (artifact id: 'fedb9a393a4713e4fec8ae53c6c217fa') in 0.025749 seconds
  Import took 0.032241 seconds .

========================================================================
Received Import Request.
  Time since last request: 5.778933 seconds.
  path: Packages/com.microsoft.mixedreality.toolkit.foundation/SDK/Features/UX/Prefabs/Menus
  artifactKey: Guid(7088112ab8268e14aa4218c57abd997d) Importer(815301076,1909f56bfc062723c751e8b465ee728b)
Start importing Packages/com.microsoft.mixedreality.toolkit.foundation/SDK/Features/UX/Prefabs/Menus using Guid(7088112ab8268e14aa4218c57abd997d) Importer(815301076,1909f56bfc062723c751e8b465ee728b)  -> (artifact id: '3647d707a21e4866a9f60ac454569e7d') in 0.016160 seconds
  Import took 0.032814 seconds .

========================================================================
Received Import Request.
  Time since last request: 0.017207 seconds.
  path: Packages/com.microsoft.mixedreality.toolkit.foundation/SDK/Features/UX/Prefabs/Menus
  artifactKey: Guid(7088112ab8268e14aa4218c57abd997d) Importer(815301076,1909f56bfc062723c751e8b465ee728b)
Start importing Packages/com.microsoft.mixedreality.toolkit.foundation/SDK/Features/UX/Prefabs/Menus using Guid(7088112ab8268e14aa4218c57abd997d) Importer(815301076,1909f56bfc062723c751e8b465ee728b)  -> (artifact id: '3647d707a21e4866a9f60ac454569e7d') in 0.004576 seconds
  Import took 0.010609 seconds .

========================================================================
Received Import Request.
  Time since last request: 2737.728294 seconds.
  path: Packages/com.microsoft.mixedreality.toolkit.foundation/SDK/Features/UX/Prefabs/Tooltips
  artifactKey: Guid(eecf4a6a955cc344b91267991030eed2) Importer(815301076,1909f56bfc062723c751e8b465ee728b)
Start importing Packages/com.microsoft.mixedreality.toolkit.foundation/SDK/Features/UX/Prefabs/Tooltips using Guid(eecf4a6a955cc344b91267991030eed2) Importer(815301076,1909f56bfc062723c751e8b465ee728b)  -> (artifact id: 'd7470b8be2e9964dc00cb670bb29825f') in 0.144074 seconds
  Import took 0.399157 seconds .

========================================================================
Received Prepare
Registering precompiled user dll's ...
Registered in 0.030152 seconds.
Begin MonoManager ReloadAssembly
Native extension for WindowsStandalone target not found
Native extension for WebGL target not found
Refreshing native plugins compatible for Editor in 1.16 ms, found 8 plugins.
Preloading 0 native plugins for Editor in 0.00 ms.
Error when attempting to update scene info fields. Scene info data may be stale.
UnityEngine.StackTraceUtility:ExtractStackTrace ()
UnityEngine.DebugLogHandler:LogFormat (UnityEngine.LogType,UnityEngine.Object,string,object[])
UnityEngine.Logger:Log (UnityEngine.LogType,object)
UnityEngine.Debug:LogWarning (object)
Microsoft.MixedReality.Toolkit.Editor.SceneInfoUtils:RefreshSceneInfoFieldsInScriptableObjects () (at Library/PackageCache/com.microsoft.mixedreality.toolkit.foundation@9563c936d456-1631895952091/Core/Inspectors/PropertyDrawers/SceneInfoUtils.cs:313)
Microsoft.MixedReality.Toolkit.Editor.SceneInfoUtils:InitializeOnLoad () (at Library/PackageCache/com.microsoft.mixedreality.toolkit.foundation@9563c936d456-1631895952091/Core/Inspectors/PropertyDrawers/SceneInfoUtils.cs:231)

(Filename: Library/PackageCache/com.microsoft.mixedreality.toolkit.foundation@9563c936d456-1631895952091/Core/Inspectors/PropertyDrawers/SceneInfoUtils.cs Line: 313)

Mono: successfully reloaded assembly
- Completed reload, in  3.464 seconds
Platform modules already initialized, skipping
Switching build target platform(5) subTarget(0) extendedPlatform(0) -> platform(21) subTarget(3) extendedPlatform(0)
Refreshing native plugins compatible for Editor in 1.49 ms, found 8 plugins.
Preloading 0 native plugins for Editor in 0.00 ms.
Unloading 3100 Unused Serialized files (Serialized files now loaded: 0)
System memory in use before: 125.4 MB.
System memory in use after: 125.2 MB.

Unloading 40 unused Assets to reduce memory usage. Loaded Objects now: 3621.
Total: 7.679300 ms (FindLiveObjects: 1.158100 ms CreateObjectMapping: 0.404300 ms MarkObjects: 5.702400 ms  DeleteObjects: 0.412400 ms)

========================================================================
Received Import Request.
  Time since last request: 6782.180467 seconds.
  path: Packages/com.microsoft.mixedreality.toolkit.standardassets/Audio
  artifactKey: Guid(a725dc666d93482abb094d384a8a968c) Importer(815301076,1909f56bfc062723c751e8b465ee728b)
Start importing Packages/com.microsoft.mixedreality.toolkit.standardassets/Audio using Guid(a725dc666d93482abb094d384a8a968c) Importer(815301076,1909f56bfc062723c751e8b465ee728b)  -> (artifact id: '642878fd9fcdc7946f3c6507c9b2810a') in 2.106467 seconds
  Import took 2.255887 seconds .

========================================================================
Received Import Request.
  Time since last request: 0.000638 seconds.
  path: Packages/com.microsoft.mixedreality.toolkit.standardassets/Audio/MRTK_Manipulation_Start.wav
  artifactKey: Guid(a16c53885bdbc54469088880ea44a9fd) Importer(815301076,1909f56bfc062723c751e8b465ee728b)
Start importing Packages/com.microsoft.mixedreality.toolkit.standardassets/Audio/MRTK_Manipulation_Start.wav using Guid(a16c53885bdbc54469088880ea44a9fd) Importer(815301076,1909f56bfc062723c751e8b465ee728b)  -> (artifact id: 'd736706482db0a34c1f43b73b8074484') in 0.472060 seconds
  Import took 0.477702 seconds .

========================================================================
Received Import Request.
  Time since last request: 0.000600 seconds.
  path: Packages/com.microsoft.mixedreality.toolkit.standardassets/Audio/MRTK_Slate_Release.wav
  artifactKey: Guid(45a90682f74bb0c41b65994c63b74e60) Importer(815301076,1909f56bfc062723c751e8b465ee728b)
Start importing Packages/com.microsoft.mixedreality.toolkit.standardassets/Audio/MRTK_Slate_Release.wav using Guid(45a90682f74bb0c41b65994c63b74e60) Importer(815301076,1909f56bfc062723c751e8b465ee728b)  -> (artifact id: 'aa1845e85b939e886eccab245e902683') in 0.021161 seconds
  Import took 0.084978 seconds .

========================================================================
Received Import Request.
  Time since last request: 0.000347 seconds.
  path: Packages/com.microsoft.mixedreality.toolkit.standardassets/Audio/MRTK_Select_Main.wav
  artifactKey: Guid(06f9d598e90313646bbff63530142344) Importer(815301076,1909f56bfc062723c751e8b465ee728b)
Start importing Packages/com.microsoft.mixedreality.toolkit.standardassets/Audio/MRTK_Select_Main.wav using Guid(06f9d598e90313646bbff63530142344) Importer(815301076,1909f56bfc062723c751e8b465ee728b)  -> (artifact id: '5ec7f7ff88115a222e9a0dc785f3080a') in 0.028751 seconds
  Import took 0.038422 seconds .

========================================================================
Received Import Request.
  Time since last request: 0.000722 seconds.
  path: Packages/com.microsoft.mixedreality.toolkit.standardassets/Audio/MRTK_ButtonUnpress.wav
  artifactKey: Guid(40ae713ddf420714bbc1a3b5c3f2eac1) Importer(815301076,1909f56bfc062723c751e8b465ee728b)
Start importing Packages/com.microsoft.mixedreality.toolkit.standardassets/Audio/MRTK_ButtonUnpress.wav using Guid(40ae713ddf420714bbc1a3b5c3f2eac1) Importer(815301076,1909f56bfc062723c751e8b465ee728b)  -> (artifact id: 'a7447f69ad63d6988a713fb66b4cb648') in 0.027249 seconds
  Import took 0.041644 seconds .

========================================================================
Received Import Request.
  Time since last request: 0.000630 seconds.
  path: Packages/com.microsoft.mixedreality.toolkit.standardassets/Audio/MRTK_Manipulation_End.wav
  artifactKey: Guid(bcae4cbce6135d84b9b04ee9e5b909f4) Importer(815301076,1909f56bfc062723c751e8b465ee728b)
Start importing Packages/com.microsoft.mixedreality.toolkit.standardassets/Audio/MRTK_Manipulation_End.wav using Guid(bcae4cbce6135d84b9b04ee9e5b909f4) Importer(815301076,1909f56bfc062723c751e8b465ee728b)  -> (artifact id: 'c1460cb917c68f6ce399be255291190b') in 0.071829 seconds
  Import took 0.117338 seconds .

========================================================================
Received Import Request.
  Time since last request: 0.000383 seconds.
  path: Packages/com.microsoft.mixedreality.toolkit.standardassets/Audio/MRTK_Voice_Confirmation.wav
  artifactKey: Guid(4075162bd7e8d9b4387ba77aeb751a0d) Importer(815301076,1909f56bfc062723c751e8b465ee728b)
Start importing Packages/com.microsoft.mixedreality.toolkit.standardassets/Audio/MRTK_Voice_Confirmation.wav using Guid(4075162bd7e8d9b4387ba77aeb751a0d) Importer(815301076,1909f56bfc062723c751e8b465ee728b)  -> (artifact id: 'ba5321094951c5a61bd427421cb0d1bd') in 0.097365 seconds
  Import took 0.141835 seconds .

========================================================================
Received Import Request.
  Time since last request: 0.000451 seconds.
  path: Packages/com.microsoft.mixedreality.toolkit.standardassets/Audio/MRTK_Scale_Start.wav
  artifactKey: Guid(bdc1f15a0c976854780adcd7e56cfb3e) Importer(815301076,1909f56bfc062723c751e8b465ee728b)
Start importing Packages/com.microsoft.mixedreality.toolkit.standardassets/Audio/MRTK_Scale_Start.wav using Guid(bdc1f15a0c976854780adcd7e56cfb3e) Importer(815301076,1909f56bfc062723c751e8b465ee728b)  -> (artifact id: '85378b3ce627775443f79e494a600f2d') in 0.029447 seconds
  Import took 0.096270 seconds .

========================================================================
Received Import Request.
  Time since last request: 0.000553 seconds.
  path: Packages/com.microsoft.mixedreality.toolkit.standardassets/Audio/MRTK_Select_Secondary.wav
  artifactKey: Guid(848c1453f7177fb46a18dff735a5fdc4) Importer(815301076,1909f56bfc062723c751e8b465ee728b)
Start importing Packages/com.microsoft.mixedreality.toolkit.standardassets/Audio/MRTK_Select_Secondary.wav using Guid(848c1453f7177fb46a18dff735a5fdc4) Importer(815301076,1909f56bfc062723c751e8b465ee728b)  -> (artifact id: 'fa393801ec5ddf49578123d993827456') in 0.049549 seconds
  Import took 0.099653 seconds .

========================================================================
Received Import Request.
  Time since last request: 0.000931 seconds.
  path: Packages/com.microsoft.mixedreality.toolkit.standardassets/Audio/MRTK_Slider_Pass_Notch.wav
  artifactKey: Guid(0632575a55cf09349a999a10968f6395) Importer(815301076,1909f56bfc062723c751e8b465ee728b)
Start importing Packages/com.microsoft.mixedreality.toolkit.standardassets/Audio/MRTK_Slider_Pass_Notch.wav using Guid(0632575a55cf09349a999a10968f6395) Importer(815301076,1909f56bfc062723c751e8b465ee728b)  -> (artifact id: 'f61db6613fef8f4879edc258abc9a527') in 0.036111 seconds
  Import took 0.055721 seconds .

========================================================================
Received Import Request.
  Time since last request: 0.000598 seconds.
  path: Packages/com.microsoft.mixedreality.toolkit.standardassets/Audio/MRTK_Shell_Click_Out.wav
  artifactKey: Guid(e35ddb0c8710c2949a37a6975f6847db) Importer(815301076,1909f56bfc062723c751e8b465ee728b)
Start importing Packages/com.microsoft.mixedreality.toolkit.standardassets/Audio/MRTK_Shell_Click_Out.wav using Guid(e35ddb0c8710c2949a37a6975f6847db) Importer(815301076,1909f56bfc062723c751e8b465ee728b)  -> (artifact id: '7e09f8fbe737b489754de80e6367b6a6') in 0.027795 seconds
  Import took 0.085565 seconds .

========================================================================
Received Import Request.
  Time since last request: 0.000285 seconds.
  path: Packages/com.microsoft.mixedreality.toolkit.standardassets/Audio/MRTK_Rotate_Start.wav
  artifactKey: Guid(765efbcf7ca1773488edcc8ab6ba4923) Importer(815301076,1909f56bfc062723c751e8b465ee728b)
Start importing Packages/com.microsoft.mixedreality.toolkit.standardassets/Audio/MRTK_Rotate_Start.wav using Guid(765efbcf7ca1773488edcc8ab6ba4923) Importer(815301076,1909f56bfc062723c751e8b465ee728b)  -> (artifact id: 'fb9f71fc23414d12c05065a667099f42') in 0.020031 seconds
  Import took 0.027223 seconds .

========================================================================
Received Import Request.
  Time since last request: 0.000614 seconds.
  path: Packages/com.microsoft.mixedreality.toolkit.standardassets/Audio/MRTK_Tap.wav
  artifactKey: Guid(170429180f309a940b54c1001e94e54c) Importer(815301076,1909f56bfc062723c751e8b465ee728b)
Start importing Packages/com.microsoft.mixedreality.toolkit.standardassets/Audio/MRTK_Tap.wav using Guid(170429180f309a940b54c1001e94e54c) Importer(815301076,1909f56bfc062723c751e8b465ee728b)  -> (artifact id: '68f6e6a3128803f7323dc84595357dba') in 0.021156 seconds
  Import took 0.059641 seconds .

========================================================================
Received Import Request.
  Time since last request: 0.000374 seconds.
  path: Packages/com.microsoft.mixedreality.toolkit.standardassets/Audio/MRTK_Scale_Stop.wav
  artifactKey: Guid(23a78d131feb8774ebe5dd1ea221933e) Importer(815301076,1909f56bfc062723c751e8b465ee728b)
Start importing Packages/com.microsoft.mixedreality.toolkit.standardassets/Audio/MRTK_Scale_Stop.wav using Guid(23a78d131feb8774ebe5dd1ea221933e) Importer(815301076,1909f56bfc062723c751e8b465ee728b)  -> (artifact id: '4af80b84290cd98303b5055eeacf79d6') in 0.022799 seconds
  Import took 0.070777 seconds .

========================================================================
Received Import Request.
  Time since last request: 0.000416 seconds.
  path: Packages/com.microsoft.mixedreality.toolkit.standardassets/Audio/MRTK_Notification.wav
  artifactKey: Guid(82bb32b8900f55c488f190d835ffcd99) Importer(815301076,1909f56bfc062723c751e8b465ee728b)
Start importing Packages/com.microsoft.mixedreality.toolkit.standardassets/Audio/MRTK_Notification.wav using Guid(82bb32b8900f55c488f190d835ffcd99) Importer(815301076,1909f56bfc062723c751e8b465ee728b)  -> (artifact id: 'd1237d19dc675cb01d655109a766ce0b') in 0.041803 seconds
  Import took 0.056665 seconds .

========================================================================
Received Import Request.
  Time since last request: 0.000387 seconds.
  path: Packages/com.microsoft.mixedreality.toolkit.standardassets/Audio/MRTK_Slate_Touch.wav
  artifactKey: Guid(ac992f1ec8cfba145b10655b334ec711) Importer(815301076,1909f56bfc062723c751e8b465ee728b)
Start importing Packages/com.microsoft.mixedreality.toolkit.standardassets/Audio/MRTK_Slate_Touch.wav using Guid(ac992f1ec8cfba145b10655b334ec711) Importer(815301076,1909f56bfc062723c751e8b465ee728b)  -> (artifact id: 'e3e42dbce8b198fe5a84b411d8b076eb') in 0.017773 seconds
  Import took 0.062802 seconds .

========================================================================
Received Import Request.
  Time since last request: 0.000353 seconds.
  path: Packages/com.microsoft.mixedreality.toolkit.standardassets/Audio/MRTK_Shell_Click_In.wav
  artifactKey: Guid(3448d870fb0a1b24ab44f20f2e1f982d) Importer(815301076,1909f56bfc062723c751e8b465ee728b)
Start importing Packages/com.microsoft.mixedreality.toolkit.standardassets/Audio/MRTK_Shell_Click_In.wav using Guid(3448d870fb0a1b24ab44f20f2e1f982d) Importer(815301076,1909f56bfc062723c751e8b465ee728b)  -> (artifact id: 'ab419b211c56687c29689823df798999') in 0.020901 seconds
  Import took 0.026747 seconds .

========================================================================
Received Import Request.
  Time since last request: 0.000607 seconds.
  path: Packages/com.microsoft.mixedreality.toolkit.standardassets/Audio/MRTK_Gem.wav
  artifactKey: Guid(2193e9060a088b24f97f48d1e1a4a862) Importer(815301076,1909f56bfc062723c751e8b465ee728b)
Start importing Packages/com.microsoft.mixedreality.toolkit.standardassets/Audio/MRTK_Gem.wav using Guid(2193e9060a088b24f97f48d1e1a4a862) Importer(815301076,1909f56bfc062723c751e8b465ee728b)  -> (artifact id: '2d681dafaad6a9957384b5b66ef3013f') in 0.040649 seconds
  Import took 0.093549 seconds .

========================================================================
Received Import Request.
  Time since last request: 0.000382 seconds.
  path: Packages/com.microsoft.mixedreality.toolkit.standardassets/Audio/MRTK_Rotate_Stop.wav
  artifactKey: Guid(9d90886bb6646244e852a0acb1de3a3b) Importer(815301076,1909f56bfc062723c751e8b465ee728b)
Start importing Packages/com.microsoft.mixedreality.toolkit.standardassets/Audio/MRTK_Rotate_Stop.wav using Guid(9d90886bb6646244e852a0acb1de3a3b) Importer(815301076,1909f56bfc062723c751e8b465ee728b)  -> (artifact id: '57c85c65eeaa423a2a64c1884c7d3aa0') in 0.017550 seconds
  Import took 0.025385 seconds .

========================================================================
Received Import Request.
  Time since last request: 0.000469 seconds.
  path: Packages/com.microsoft.mixedreality.toolkit.standardassets/Audio/MRTK_ButtonPress.wav
  artifactKey: Guid(291bf9326e517b0489c2ee53d0a6a63f) Importer(815301076,1909f56bfc062723c751e8b465ee728b)
Start importing Packages/com.microsoft.mixedreality.toolkit.standardassets/Audio/MRTK_ButtonPress.wav using Guid(291bf9326e517b0489c2ee53d0a6a63f) Importer(815301076,1909f56bfc062723c751e8b465ee728b)  -> (artifact id: 'bcc8717f4e56ebdcbdeff0252289b155') in 0.018612 seconds
  Import took 0.038355 seconds .

========================================================================
Received Import Request.
  Time since last request: 0.000493 seconds.
  path: Packages/com.microsoft.mixedreality.toolkit.standardassets/Audio/MRTK_Shell_Click_Init.wav
  artifactKey: Guid(5e03cdafc88015c47af4cad5d65de327) Importer(815301076,1909f56bfc062723c751e8b465ee728b)
Start importing Packages/com.microsoft.mixedreality.toolkit.standardassets/Audio/MRTK_Shell_Click_Init.wav using Guid(5e03cdafc88015c47af4cad5d65de327) Importer(815301076,1909f56bfc062723c751e8b465ee728b)  -> (artifact id: '5af239b2e45bfc47b22227f5a60a8d08') in 0.057842 seconds
  Import took 0.093630 seconds .

========================================================================
Received Import Request.
  Time since last request: 0.000352 seconds.
  path: Packages/com.microsoft.mixedreality.toolkit.standardassets/Audio/MRTK_Slider_Grab.wav
  artifactKey: Guid(6c0efce9e4f4243449555af66e975f27) Importer(815301076,1909f56bfc062723c751e8b465ee728b)
Start importing Packages/com.microsoft.mixedreality.toolkit.standardassets/Audio/MRTK_Slider_Grab.wav using Guid(6c0efce9e4f4243449555af66e975f27) Importer(815301076,1909f56bfc062723c751e8b465ee728b)  -> (artifact id: '81956e670eb9c53c02880fd55becccfe') in 0.020643 seconds
  Import took 0.030827 seconds .

========================================================================
Received Import Request.
  Time since last request: 0.000394 seconds.
  path: Packages/com.microsoft.mixedreality.toolkit.standardassets/Audio/MRTK_Slider_Release.wav
  artifactKey: Guid(32c013149113ba24cb267e1e3f6725c7) Importer(815301076,1909f56bfc062723c751e8b465ee728b)
Start importing Packages/com.microsoft.mixedreality.toolkit.standardassets/Audio/MRTK_Slider_Release.wav using Guid(32c013149113ba24cb267e1e3f6725c7) Importer(815301076,1909f56bfc062723c751e8b465ee728b)  -> (artifact id: '3d27af69b214a37a6daccd7a0978a29e') in 0.018965 seconds
  Import took 0.053989 seconds .

========================================================================
Received Import Request.
  Time since last request: 0.000480 seconds.
  path: Packages/com.microsoft.mixedreality.toolkit.standardassets/Audio/MRTK_Move_End.wav
  artifactKey: Guid(ec33d8a6027c1574390812966f8aef94) Importer(815301076,1909f56bfc062723c751e8b465ee728b)
Start importing Packages/com.microsoft.mixedreality.toolkit.standardassets/Audio/MRTK_Move_End.wav using Guid(ec33d8a6027c1574390812966f8aef94) Importer(815301076,1909f56bfc062723c751e8b465ee728b)  -> (artifact id: '7fb92ee60c02909da04c069169663ec5') in 0.027877 seconds
  Import took 0.052585 seconds .

========================================================================
Received Import Request.
  Time since last request: 0.000460 seconds.
  path: Packages/com.microsoft.mixedreality.toolkit.standardassets/Audio/MRTK_Move_Start.wav
  artifactKey: Guid(72d90092d0f1a734eb1cfcf71b8fa2e4) Importer(815301076,1909f56bfc062723c751e8b465ee728b)
Start importing Packages/com.microsoft.mixedreality.toolkit.standardassets/Audio/MRTK_Move_Start.wav using Guid(72d90092d0f1a734eb1cfcf71b8fa2e4) Importer(815301076,1909f56bfc062723c751e8b465ee728b)  -> (artifact id: '56a42bd71011cf63e8546cc775305f53') in 0.019611 seconds
  Import took 0.038053 seconds .

========================================================================
Received Prepare
Registering precompiled user dll's ...
Registered in 0.647237 seconds.
Begin MonoManager ReloadAssembly
Native extension for WindowsStandalone target not found
Native extension for WebGL target not found
Refreshing native plugins compatible for Editor in 0.85 ms, found 8 plugins.
Preloading 0 native plugins for Editor in 0.00 ms.
Error when attempting to update scene info fields. Scene info data may be stale.
UnityEngine.StackTraceUtility:ExtractStackTrace ()
UnityEngine.DebugLogHandler:LogFormat (UnityEngine.LogType,UnityEngine.Object,string,object[])
UnityEngine.Logger:Log (UnityEngine.LogType,object)
UnityEngine.Debug:LogWarning (object)
Microsoft.MixedReality.Toolkit.Editor.SceneInfoUtils:RefreshSceneInfoFieldsInScriptableObjects () (at Library/PackageCache/com.microsoft.mixedreality.toolkit.foundation@9563c936d456-1631895952091/Core/Inspectors/PropertyDrawers/SceneInfoUtils.cs:313)
Microsoft.MixedReality.Toolkit.Editor.SceneInfoUtils:InitializeOnLoad () (at Library/PackageCache/com.microsoft.mixedreality.toolkit.foundation@9563c936d456-1631895952091/Core/Inspectors/PropertyDrawers/SceneInfoUtils.cs:231)

(Filename: Library/PackageCache/com.microsoft.mixedreality.toolkit.foundation@9563c936d456-1631895952091/Core/Inspectors/PropertyDrawers/SceneInfoUtils.cs Line: 313)

Mono: successfully reloaded assembly
- Completed reload, in  2.547 seconds
Platform modules already initialized, skipping
Switching build target platform(5) subTarget(0) extendedPlatform(0) -> platform(21) subTarget(3) extendedPlatform(0)
Refreshing native plugins compatible for Editor in 1.49 ms, found 8 plugins.
Preloading 0 native plugins for Editor in 0.00 ms.
Unloading 3100 Unused Serialized files (Serialized files now loaded: 0)
System memory in use before: 128.5 MB.
System memory in use after: 128.3 MB.

Unloading 40 unused Assets to reduce memory usage. Loaded Objects now: 3634.
Total: 3.870400 ms (FindLiveObjects: 0.703000 ms CreateObjectMapping: 0.147000 ms MarkObjects: 2.771600 ms  DeleteObjects: 0.247100 ms)

========================================================================
Received Prepare
Registering precompiled user dll's ...
Registered in 0.007360 seconds.
Begin MonoManager ReloadAssembly
Native extension for WindowsStandalone target not found
Native extension for WebGL target not found
Refreshing native plugins compatible for Editor in 1.00 ms, found 8 plugins.
Preloading 0 native plugins for Editor in 0.00 ms.
Error when attempting to update scene info fields. Scene info data may be stale.
UnityEngine.StackTraceUtility:ExtractStackTrace ()
UnityEngine.DebugLogHandler:LogFormat (UnityEngine.LogType,UnityEngine.Object,string,object[])
UnityEngine.Logger:Log (UnityEngine.LogType,object)
UnityEngine.Debug:LogWarning (object)
Microsoft.MixedReality.Toolkit.Editor.SceneInfoUtils:RefreshSceneInfoFieldsInScriptableObjects () (at Library/PackageCache/com.microsoft.mixedreality.toolkit.foundation@9563c936d456-1631895952091/Core/Inspectors/PropertyDrawers/SceneInfoUtils.cs:313)
Microsoft.MixedReality.Toolkit.Editor.SceneInfoUtils:InitializeOnLoad () (at Library/PackageCache/com.microsoft.mixedreality.toolkit.foundation@9563c936d456-1631895952091/Core/Inspectors/PropertyDrawers/SceneInfoUtils.cs:231)

(Filename: Library/PackageCache/com.microsoft.mixedreality.toolkit.foundation@9563c936d456-1631895952091/Core/Inspectors/PropertyDrawers/SceneInfoUtils.cs Line: 313)

Mono: successfully reloaded assembly
- Completed reload, in  2.673 seconds
Platform modules already initialized, skipping
Switching build target platform(5) subTarget(0) extendedPlatform(0) -> platform(21) subTarget(3) extendedPlatform(0)
Refreshing native plugins compatible for Editor in 1.40 ms, found 8 plugins.
Preloading 0 native plugins for Editor in 0.00 ms.
Unloading 3100 Unused Serialized files (Serialized files now loaded: 0)
System memory in use before: 128.5 MB.
System memory in use after: 128.4 MB.

Unloading 40 unused Assets to reduce memory usage. Loaded Objects now: 3638.
Total: 4.203800 ms (FindLiveObjects: 0.440300 ms CreateObjectMapping: 0.233200 ms MarkObjects: 3.378300 ms  DeleteObjects: 0.150500 ms)

========================================================================
Received Import Request.
  Time since last request: 112792.839013 seconds.
  path: Packages/com.microsoft.mixedreality.toolkit.standardassets/Icons/mic_icon.png
  artifactKey: Guid(466b28a7abdd4f2fb56a1b9f929d7aaa) Importer(815301076,1909f56bfc062723c751e8b465ee728b)
Start importing Packages/com.microsoft.mixedreality.toolkit.standardassets/Icons/mic_icon.png using Guid(466b28a7abdd4f2fb56a1b9f929d7aaa) Importer(815301076,1909f56bfc062723c751e8b465ee728b)  -> (artifact id: 'e84dc205a9ef4ef4d4203595f8add729') in 0.288273 seconds
  Import took 0.316641 seconds .

========================================================================
Received Import Request.
  Time since last request: 0.000378 seconds.
  path: Packages/com.microsoft.mixedreality.toolkit.standardassets/Icons/toolkit_icon.png
  artifactKey: Guid(93d49a6ae68a4f6ca0fea653caaa74fc) Importer(815301076,1909f56bfc062723c751e8b465ee728b)
Start importing Packages/com.microsoft.mixedreality.toolkit.standardassets/Icons/toolkit_icon.png using Guid(93d49a6ae68a4f6ca0fea653caaa74fc) Importer(815301076,1909f56bfc062723c751e8b465ee728b)  -> (artifact id: 'ec2762815a808f7b545e9a5afcbc74b9') in 0.032262 seconds
  Import took 0.038986 seconds .

========================================================================
Received Import Request.
  Time since last request: 0.000394 seconds.
  path: Packages/com.microsoft.mixedreality.toolkit.standardassets/Icons/shapes_icon.png
  artifactKey: Guid(a3a54cefff9e4d9c82dcd401480a8033) Importer(815301076,1909f56bfc062723c751e8b465ee728b)
Start importing Packages/com.microsoft.mixedreality.toolkit.standardassets/Icons/shapes_icon.png using Guid(a3a54cefff9e4d9c82dcd401480a8033) Importer(815301076,1909f56bfc062723c751e8b465ee728b)  -> (artifact id: '8f6556e6cde541012ddefb6d3048acdf') in 0.031789 seconds
  Import took 0.040660 seconds .

========================================================================
Received Import Request.
  Time since last request: 0.000382 seconds.
  path: Packages/com.microsoft.mixedreality.toolkit.standardassets/Icons/ux_icon.png
  artifactKey: Guid(3b748943b2ee497cb401b923729b41c5) Importer(815301076,1909f56bfc062723c751e8b465ee728b)
Start importing Packages/com.microsoft.mixedreality.toolkit.standardassets/Icons/ux_icon.png using Guid(3b748943b2ee497cb401b923729b41c5) Importer(815301076,1909f56bfc062723c751e8b465ee728b)  -> (artifact id: 'cf66b0becc4ad5e768d6ceb47444d09b') in 0.044684 seconds
  Import took 0.052073 seconds .

========================================================================
Received Import Request.
  Time since last request: 0.000440 seconds.
  path: Packages/com.microsoft.mixedreality.toolkit.standardassets/Icons/settings_icon.png
  artifactKey: Guid(4f9f54f9478441228dea18a2c828cfc6) Importer(815301076,1909f56bfc062723c751e8b465ee728b)
Start importing Packages/com.microsoft.mixedreality.toolkit.standardassets/Icons/settings_icon.png using Guid(4f9f54f9478441228dea18a2c828cfc6) Importer(815301076,1909f56bfc062723c751e8b465ee728b)  -> (artifact id: 'bb15579fe711c28b6caa937826940aba') in 0.020712 seconds
  Import took 0.032334 seconds .

========================================================================
Received Import Request.
  Time since last request: 0.000415 seconds.
  path: Packages/com.microsoft.mixedreality.toolkit.standardassets/Icons/script_icon.png
  artifactKey: Guid(961230b29c294bb780054c5d02eb6180) Importer(815301076,1909f56bfc062723c751e8b465ee728b)
Start importing Packages/com.microsoft.mixedreality.toolkit.standardassets/Icons/script_icon.png using Guid(961230b29c294bb780054c5d02eb6180) Importer(815301076,1909f56bfc062723c751e8b465ee728b)  -> (artifact id: '944190940402edc70ccf719d631ccc22') in 0.031922 seconds
  Import took 0.042859 seconds .

========================================================================
Received Import Request.
  Time since last request: 0.000305 seconds.
  path: Packages/com.microsoft.mixedreality.toolkit.standardassets/Icons/mixed_reality_icon.png
  artifactKey: Guid(6eccdbd0228d47ab9ac6ca58258f9112) Importer(815301076,1909f56bfc062723c751e8b465ee728b)
Start importing Packages/com.microsoft.mixedreality.toolkit.standardassets/Icons/mixed_reality_icon.png using Guid(6eccdbd0228d47ab9ac6ca58258f9112) Importer(815301076,1909f56bfc062723c751e8b465ee728b)  -> (artifact id: '7b44ef3c91bdad1165910bd2760c0939') in 0.037941 seconds
  Import took 0.045832 seconds .

========================================================================
Received Import Request.
  Time since last request: 0.000402 seconds.
  path: Packages/com.microsoft.mixedreality.toolkit.standardassets/Icons/spatial_understanding_icon.png
  artifactKey: Guid(b44193be762b4e3aa8703213d677338d) Importer(815301076,1909f56bfc062723c751e8b465ee728b)
Start importing Packages/com.microsoft.mixedreality.toolkit.standardassets/Icons/spatial_understanding_icon.png using Guid(b44193be762b4e3aa8703213d677338d) Importer(815301076,1909f56bfc062723c751e8b465ee728b)  -> (artifact id: 'a8aba46b6c693e1d63c6580e0c3939c9') in 0.039074 seconds
  Import took 0.047869 seconds .

========================================================================
Received Import Request.
  Time since last request: 0.000320 seconds.
  path: Packages/com.microsoft.mixedreality.toolkit.standardassets/Icons/spatial_icon.png
  artifactKey: Guid(3d652c19bde24a29871839929991b0be) Importer(815301076,1909f56bfc062723c751e8b465ee728b)
Start importing Packages/com.microsoft.mixedreality.toolkit.standardassets/Icons/spatial_icon.png using Guid(3d652c19bde24a29871839929991b0be) Importer(815301076,1909f56bfc062723c751e8b465ee728b)  -> (artifact id: 'da209db4aea856220b28f119af7b1f39') in 0.043841 seconds
  Import took 0.051208 seconds .

========================================================================
Received Import Request.
  Time since last request: 0.000354 seconds.
  path: Packages/com.microsoft.mixedreality.toolkit.standardassets/Icons/test_icon.png
  artifactKey: Guid(731058d908be67544b92b0341f29d906) Importer(815301076,1909f56bfc062723c751e8b465ee728b)
Start importing Packages/com.microsoft.mixedreality.toolkit.standardassets/Icons/test_icon.png using Guid(731058d908be67544b92b0341f29d906) Importer(815301076,1909f56bfc062723c751e8b465ee728b)  -> (artifact id: '837c8a1f83842d79a2a6015e553716af') in 0.034785 seconds
  Import took 0.041812 seconds .

========================================================================
Received Import Request.
  Time since last request: 18.915118 seconds.
  path: Packages/com.microsoft.mixedreality.toolkit.examples/StandardAssets/IconSets/ExamplesIconSet.asset
  artifactKey: Guid(88f4439d031a069488ae68f0e97ab9a8) Importer(815301076,1909f56bfc062723c751e8b465ee728b)
Start importing Packages/com.microsoft.mixedreality.toolkit.examples/StandardAssets/IconSets/ExamplesIconSet.asset using Guid(88f4439d031a069488ae68f0e97ab9a8) Importer(815301076,1909f56bfc062723c751e8b465ee728b)  -> (artifact id: '08f6919179a29dc1c69d0effae5e269b') in 0.411533 seconds
  Import took 0.450702 seconds .

========================================================================
Received Import Request.
  Time since last request: 896.857876 seconds.
  path: Assets/MixedRealityToolkit.Generated/CustomProfiles/GettingStarted_HoloLens2ConfigurationProfile.asset
  artifactKey: Guid(5dd7352a9c9bdb24b879fa333d1277f0) Importer(815301076,1909f56bfc062723c751e8b465ee728b)
Start importing Assets/MixedRealityToolkit.Generated/CustomProfiles/GettingStarted_HoloLens2ConfigurationProfile.asset using Guid(5dd7352a9c9bdb24b879fa333d1277f0) Importer(815301076,1909f56bfc062723c751e8b465ee728b)  -> (artifact id: '88c812a0af12c67958af07dc40404d1a') in 1.175528 seconds
  Import took 1.219099 seconds .

========================================================================
Received Import Request.
  Time since last request: 0.000296 seconds.
  path: Assets/MixedRealityToolkit.Generated/CustomProfiles/GettingStarted_HoloLens2InputSystemProfile.asset
  artifactKey: Guid(2ba894b5403370148af1b79a832b1264) Importer(815301076,1909f56bfc062723c751e8b465ee728b)
Start importing Assets/MixedRealityToolkit.Generated/CustomProfiles/GettingStarted_HoloLens2InputSystemProfile.asset using Guid(2ba894b5403370148af1b79a832b1264) Importer(815301076,1909f56bfc062723c751e8b465ee728b)  -> (artifact id: '8c347536ba3008e792595684c94cdbb0') in 0.073865 seconds
  Import took 0.123138 seconds .

========================================================================
Received Import Request.
  Time since last request: 0.000257 seconds.
  path: Assets/MixedRealityToolkit.Generated/CustomProfiles/GettingStarted_HoloLens2ConfigurationProfile.asset
  artifactKey: Guid(5dd7352a9c9bdb24b879fa333d1277f0) Importer(815301076,1909f56bfc062723c751e8b465ee728b)
Start importing Assets/MixedRealityToolkit.Generated/CustomProfiles/GettingStarted_HoloLens2ConfigurationProfile.asset using Guid(5dd7352a9c9bdb24b879fa333d1277f0) Importer(815301076,1909f56bfc062723c751e8b465ee728b)  -> (artifact id: '88c812a0af12c67958af07dc40404d1a') in 0.085435 seconds
  Import took 0.097954 seconds .

========================================================================
Received Import Request.
  Time since last request: 0.000318 seconds.
  path: Assets/MixedRealityToolkit.Generated/CustomProfiles/GettingStarted_HoloLens2InputSystemProfile.asset
  artifactKey: Guid(2ba894b5403370148af1b79a832b1264) Importer(815301076,1909f56bfc062723c751e8b465ee728b)
Start importing Assets/MixedRealityToolkit.Generated/CustomProfiles/GettingStarted_HoloLens2InputSystemProfile.asset using Guid(2ba894b5403370148af1b79a832b1264) Importer(815301076,1909f56bfc062723c751e8b465ee728b)  -> (artifact id: '8c347536ba3008e792595684c94cdbb0') in 0.074101 seconds
  Import took 0.083939 seconds .

========================================================================
Received Import Request.
  Time since last request: 20.777397 seconds.
  path: Assets/MixedRealityToolkit.Generated/CustomProfiles/GettingStarted_HoloLens2InputSystemProfile.asset
  artifactKey: Guid(2ba894b5403370148af1b79a832b1264) Importer(815301076,1909f56bfc062723c751e8b465ee728b)
Start importing Assets/MixedRealityToolkit.Generated/CustomProfiles/GettingStarted_HoloLens2InputSystemProfile.asset using Guid(2ba894b5403370148af1b79a832b1264) Importer(815301076,1909f56bfc062723c751e8b465ee728b)  -> (artifact id: 'bb22c97f622ddccfd54746c337999c08') in 0.068598 seconds
  Import took 0.077599 seconds .

========================================================================
Received Import Request.
  Time since last request: 0.000455 seconds.
  path: Assets/MixedRealityToolkit.Generated/CustomProfiles/GettingStarted_MixedRealityPointerProfile.asset
  artifactKey: Guid(092c689954cdb4347b55ed30553932c2) Importer(815301076,1909f56bfc062723c751e8b465ee728b)
Start importing Assets/MixedRealityToolkit.Generated/CustomProfiles/GettingStarted_MixedRealityPointerProfile.asset using Guid(092c689954cdb4347b55ed30553932c2) Importer(815301076,1909f56bfc062723c751e8b465ee728b)  -> (artifact id: 'e5b421b6823e7f6176d0ef12006fe9b4') in 0.025854 seconds
  Import took 0.037162 seconds .

========================================================================
Received Import Request.
  Time since last request: 55.021348 seconds.
  path: Assets/MixedRealityToolkit.Generated/CustomProfiles/GettingStarted_HoloLens2InputSystemProfile.asset
  artifactKey: Guid(2ba894b5403370148af1b79a832b1264) Importer(815301076,1909f56bfc062723c751e8b465ee728b)
Start importing Assets/MixedRealityToolkit.Generated/CustomProfiles/GettingStarted_HoloLens2InputSystemProfile.asset using Guid(2ba894b5403370148af1b79a832b1264) Importer(815301076,1909f56bfc062723c751e8b465ee728b)  -> (artifact id: '8c616c51412b0f4659f1769df88cdde6') in 0.052134 seconds
  Import took 0.062402 seconds .

========================================================================
Received Import Request.
  Time since last request: 0.000351 seconds.
  path: Assets/MixedRealityToolkit.Generated/CustomProfiles/GettingStarted_MixedRealityPointerProfile.asset
  artifactKey: Guid(092c689954cdb4347b55ed30553932c2) Importer(815301076,1909f56bfc062723c751e8b465ee728b)
Start importing Assets/MixedRealityToolkit.Generated/CustomProfiles/GettingStarted_MixedRealityPointerProfile.asset using Guid(092c689954cdb4347b55ed30553932c2) Importer(815301076,1909f56bfc062723c751e8b465ee728b)  -> (artifact id: '7e1c4ac4f55f6552a338850068543d4e') in 0.019126 seconds
  Import took 0.026931 seconds .

========================================================================
Received Import Request.
  Time since last request: 0.000427 seconds.
  path: Assets/MixedRealityToolkit.Generated/CustomProfiles/GettingStarted_HoloLens2InputSystemProfile.asset
  artifactKey: Guid(2ba894b5403370148af1b79a832b1264) Importer(815301076,1909f56bfc062723c751e8b465ee728b)
Start importing Assets/MixedRealityToolkit.Generated/CustomProfiles/GettingStarted_HoloLens2InputSystemProfile.asset using Guid(2ba894b5403370148af1b79a832b1264) Importer(815301076,1909f56bfc062723c751e8b465ee728b)  -> (artifact id: '8c616c51412b0f4659f1769df88cdde6') in 0.055299 seconds
  Import took 0.062950 seconds .

========================================================================
Received Import Request.
  Time since last request: 0.000321 seconds.
  path: Assets/MixedRealityToolkit.Generated/CustomProfiles/GettingStarted_MixedRealityInputSimulationProfile.asset
  artifactKey: Guid(864fa3d602f83c542925a7ae9be42e66) Importer(815301076,1909f56bfc062723c751e8b465ee728b)
Start importing Assets/MixedRealityToolkit.Generated/CustomProfiles/GettingStarted_MixedRealityInputSimulationProfile.asset using Guid(864fa3d602f83c542925a7ae9be42e66) Importer(815301076,1909f56bfc062723c751e8b465ee728b)  -> (artifact id: '5587f1cf2516ba42924aa0c1814475a9') in 0.013571 seconds
  Import took 0.022237 seconds .

========================================================================
Received Prepare
Registering precompiled user dll's ...
Registered in 0.005777 seconds.
Begin MonoManager ReloadAssembly
Native extension for WindowsStandalone target not found
Native extension for WebGL target not found
Refreshing native plugins compatible for Editor in 1.25 ms, found 8 plugins.
Preloading 0 native plugins for Editor in 0.00 ms.
Error when attempting to update scene info fields. Scene info data may be stale.
UnityEngine.StackTraceUtility:ExtractStackTrace ()
UnityEngine.DebugLogHandler:LogFormat (UnityEngine.LogType,UnityEngine.Object,string,object[])
UnityEngine.Logger:Log (UnityEngine.LogType,object)
UnityEngine.Debug:LogWarning (object)
Microsoft.MixedReality.Toolkit.Editor.SceneInfoUtils:RefreshSceneInfoFieldsInScriptableObjects () (at Library/PackageCache/com.microsoft.mixedreality.toolkit.foundation@9563c936d456-1631895952091/Core/Inspectors/PropertyDrawers/SceneInfoUtils.cs:313)
Microsoft.MixedReality.Toolkit.Editor.SceneInfoUtils:InitializeOnLoad () (at Library/PackageCache/com.microsoft.mixedreality.toolkit.foundation@9563c936d456-1631895952091/Core/Inspectors/PropertyDrawers/SceneInfoUtils.cs:231)

(Filename: Library/PackageCache/com.microsoft.mixedreality.toolkit.foundation@9563c936d456-1631895952091/Core/Inspectors/PropertyDrawers/SceneInfoUtils.cs Line: 313)

Mono: successfully reloaded assembly
- Completed reload, in  2.946 seconds
Platform modules already initialized, skipping
Switching build target platform(5) subTarget(0) extendedPlatform(0) -> platform(21) subTarget(3) extendedPlatform(0)
Refreshing native plugins compatible for Editor in 0.88 ms, found 8 plugins.
Preloading 0 native plugins for Editor in 0.00 ms.
Unloading 3103 Unused Serialized files (Serialized files now loaded: 0)
System memory in use before: 128.8 MB.
System memory in use after: 128.6 MB.

Unloading 44 unused Assets to reduce memory usage. Loaded Objects now: 3648.
Total: 6.206300 ms (FindLiveObjects: 0.799000 ms CreateObjectMapping: 0.305900 ms MarkObjects: 4.916500 ms  DeleteObjects: 0.182800 ms)

========================================================================
Received Import Request.
  Time since last request: 2466.857116 seconds.
  path: Assets/MixedRealityToolkit.Generated/CustomProfiles/GettingStarted_HoloLens2InputSystemProfile.asset
  artifactKey: Guid(2ba894b5403370148af1b79a832b1264) Importer(815301076,1909f56bfc062723c751e8b465ee728b)
Start importing Assets/MixedRealityToolkit.Generated/CustomProfiles/GettingStarted_HoloLens2InputSystemProfile.asset using Guid(2ba894b5403370148af1b79a832b1264) Importer(815301076,1909f56bfc062723c751e8b465ee728b)  -> (artifact id: '5b851de002fdfdb70f75ef5f9aac6020') in 0.267901 seconds
  Import took 0.287405 seconds .

========================================================================
Received Import Request.
  Time since last request: 0.000408 seconds.
  path: Assets/MixedRealityToolkit.Generated/CustomProfiles/GettingStarted_MixedRealityInputSimulationProfile.asset
  artifactKey: Guid(864fa3d602f83c542925a7ae9be42e66) Importer(815301076,1909f56bfc062723c751e8b465ee728b)
Start importing Assets/MixedRealityToolkit.Generated/CustomProfiles/GettingStarted_MixedRealityInputSimulationProfile.asset using Guid(864fa3d602f83c542925a7ae9be42e66) Importer(815301076,1909f56bfc062723c751e8b465ee728b)  -> (artifact id: '4a8622473b48d236a3a1396e3e0128f3') in 0.005901 seconds
  Import took 0.035931 seconds .

========================================================================
Received Import Request.
  Time since last request: 0.000399 seconds.
  path: Assets/MixedRealityToolkit.Generated/CustomProfiles/GettingStarted_HoloLens2InputSystemProfile.asset
  artifactKey: Guid(2ba894b5403370148af1b79a832b1264) Importer(815301076,1909f56bfc062723c751e8b465ee728b)
Start importing Assets/MixedRealityToolkit.Generated/CustomProfiles/GettingStarted_HoloLens2InputSystemProfile.asset using Guid(2ba894b5403370148af1b79a832b1264) Importer(815301076,1909f56bfc062723c751e8b465ee728b)  -> (artifact id: '5b851de002fdfdb70f75ef5f9aac6020') in 0.057338 seconds
  Import took 0.064704 seconds .

========================================================================
Received Import Request.
  Time since last request: 0.000371 seconds.
  path: Assets/MixedRealityToolkit.Generated/CustomProfiles/GettingStarted_MixedRealitySpeechCommandsProfile.asset
  artifactKey: Guid(70a96b09511728046914945662bd5e5c) Importer(815301076,1909f56bfc062723c751e8b465ee728b)
Start importing Assets/MixedRealityToolkit.Generated/CustomProfiles/GettingStarted_MixedRealitySpeechCommandsProfile.asset using Guid(70a96b09511728046914945662bd5e5c) Importer(815301076,1909f56bfc062723c751e8b465ee728b)  -> (artifact id: '67f9227866be96361839fdfef5135c18') in 0.012218 seconds
  Import took 0.019217 seconds .

========================================================================
Received Prepare
Registering precompiled user dll's ...
Registered in 0.005066 seconds.
Begin MonoManager ReloadAssembly
Native extension for WindowsStandalone target not found
Native extension for WebGL target not found
Refreshing native plugins compatible for Editor in 1.08 ms, found 8 plugins.
Preloading 0 native plugins for Editor in 0.00 ms.
Error when attempting to update scene info fields. Scene info data may be stale.
UnityEngine.StackTraceUtility:ExtractStackTrace ()
UnityEngine.DebugLogHandler:LogFormat (UnityEngine.LogType,UnityEngine.Object,string,object[])
UnityEngine.Logger:Log (UnityEngine.LogType,object)
UnityEngine.Debug:LogWarning (object)
Microsoft.MixedReality.Toolkit.Editor.SceneInfoUtils:RefreshSceneInfoFieldsInScriptableObjects () (at Library/PackageCache/com.microsoft.mixedreality.toolkit.foundation@9563c936d456-1631895952091/Core/Inspectors/PropertyDrawers/SceneInfoUtils.cs:313)
Microsoft.MixedReality.Toolkit.Editor.SceneInfoUtils:InitializeOnLoad () (at Library/PackageCache/com.microsoft.mixedreality.toolkit.foundation@9563c936d456-1631895952091/Core/Inspectors/PropertyDrawers/SceneInfoUtils.cs:231)

(Filename: Library/PackageCache/com.microsoft.mixedreality.toolkit.foundation@9563c936d456-1631895952091/Core/Inspectors/PropertyDrawers/SceneInfoUtils.cs Line: 313)

Mono: successfully reloaded assembly
- Completed reload, in  2.540 seconds
Platform modules already initialized, skipping
Switching build target platform(5) subTarget(0) extendedPlatform(0) -> platform(21) subTarget(3) extendedPlatform(0)
Refreshing native plugins compatible for Editor in 1.21 ms, found 8 plugins.
Preloading 0 native plugins for Editor in 0.00 ms.
Unloading 3104 Unused Serialized files (Serialized files now loaded: 0)
System memory in use before: 128.8 MB.
System memory in use after: 128.7 MB.

Unloading 44 unused Assets to reduce memory usage. Loaded Objects now: 3656.
Total: 4.858400 ms (FindLiveObjects: 0.597100 ms CreateObjectMapping: 0.406700 ms MarkObjects: 3.716500 ms  DeleteObjects: 0.136800 ms)

========================================================================
Received Prepare
Registering precompiled user dll's ...
Registered in 0.004890 seconds.
Begin MonoManager ReloadAssembly
Native extension for WindowsStandalone target not found
Native extension for WebGL target not found
Refreshing native plugins compatible for Editor in 1.26 ms, found 8 plugins.
Preloading 0 native plugins for Editor in 0.00 ms.
Error when attempting to update scene info fields. Scene info data may be stale.
UnityEngine.StackTraceUtility:ExtractStackTrace ()
UnityEngine.DebugLogHandler:LogFormat (UnityEngine.LogType,UnityEngine.Object,string,object[])
UnityEngine.Logger:Log (UnityEngine.LogType,object)
UnityEngine.Debug:LogWarning (object)
Microsoft.MixedReality.Toolkit.Editor.SceneInfoUtils:RefreshSceneInfoFieldsInScriptableObjects () (at Library/PackageCache/com.microsoft.mixedreality.toolkit.foundation@9563c936d456-1631895952091/Core/Inspectors/PropertyDrawers/SceneInfoUtils.cs:313)
Microsoft.MixedReality.Toolkit.Editor.SceneInfoUtils:InitializeOnLoad () (at Library/PackageCache/com.microsoft.mixedreality.toolkit.foundation@9563c936d456-1631895952091/Core/Inspectors/PropertyDrawers/SceneInfoUtils.cs:231)

(Filename: Library/PackageCache/com.microsoft.mixedreality.toolkit.foundation@9563c936d456-1631895952091/Core/Inspectors/PropertyDrawers/SceneInfoUtils.cs Line: 313)

Mono: successfully reloaded assembly
- Completed reload, in  2.516 seconds
Platform modules already initialized, skipping
Switching build target platform(5) subTarget(0) extendedPlatform(0) -> platform(21) subTarget(3) extendedPlatform(0)
Refreshing native plugins compatible for Editor in 1.15 ms, found 8 plugins.
Preloading 0 native plugins for Editor in 0.00 ms.
Unloading 3104 Unused Serialized files (Serialized files now loaded: 0)
System memory in use before: 128.8 MB.
System memory in use after: 128.7 MB.

Unloading 44 unused Assets to reduce memory usage. Loaded Objects now: 3660.
Total: 3.558900 ms (FindLiveObjects: 0.388500 ms CreateObjectMapping: 0.222500 ms MarkObjects: 2.700900 ms  DeleteObjects: 0.244800 ms)

========================================================================
Received Prepare
Registering precompiled user dll's ...
Registered in 0.977165 seconds.
Begin MonoManager ReloadAssembly
Native extension for WindowsStandalone target not found
Native extension for WebGL target not found
Refreshing native plugins compatible for Editor in 1.22 ms, found 8 plugins.
Preloading 0 native plugins for Editor in 0.00 ms.
Error when attempting to update scene info fields. Scene info data may be stale.
UnityEngine.StackTraceUtility:ExtractStackTrace ()
UnityEngine.DebugLogHandler:LogFormat (UnityEngine.LogType,UnityEngine.Object,string,object[])
UnityEngine.Logger:Log (UnityEngine.LogType,object)
UnityEngine.Debug:LogWarning (object)
Microsoft.MixedReality.Toolkit.Editor.SceneInfoUtils:RefreshSceneInfoFieldsInScriptableObjects () (at Library/PackageCache/com.microsoft.mixedreality.toolkit.foundation@9563c936d456-1631895952091/Core/Inspectors/PropertyDrawers/SceneInfoUtils.cs:313)
Microsoft.MixedReality.Toolkit.Editor.SceneInfoUtils:InitializeOnLoad () (at Library/PackageCache/com.microsoft.mixedreality.toolkit.foundation@9563c936d456-1631895952091/Core/Inspectors/PropertyDrawers/SceneInfoUtils.cs:231)

(Filename: Library/PackageCache/com.microsoft.mixedreality.toolkit.foundation@9563c936d456-1631895952091/Core/Inspectors/PropertyDrawers/SceneInfoUtils.cs Line: 313)

Mono: successfully reloaded assembly
- Completed reload, in  3.578 seconds
Platform modules already initialized, skipping
Switching build target platform(5) subTarget(0) extendedPlatform(0) -> platform(21) subTarget(3) extendedPlatform(0)
Refreshing native plugins compatible for Editor in 0.93 ms, found 8 plugins.
Preloading 0 native plugins for Editor in 0.00 ms.
Unloading 3104 Unused Serialized files (Serialized files now loaded: 0)
System memory in use before: 128.8 MB.
System memory in use after: 128.7 MB.

Unloading 44 unused Assets to reduce memory usage. Loaded Objects now: 3664.
Total: 4.005800 ms (FindLiveObjects: 0.757000 ms CreateObjectMapping: 0.220300 ms MarkObjects: 2.762900 ms  DeleteObjects: 0.264300 ms)

AssetImportWorkerClient::OnTransportError - code=2 error=End of file
